2024-12-08 06:20:35,534 [Worker-4: Loading available Gradle versions] INFO  o.e.b.c.i.u.g.PublishedGradleVersions - Gradle version information cache is not available. Remote download required.
2024-12-08 06:24:13,567 [Worker-0: Import Getting Started Content] INFO  o.e.m.c.i.l.LifecycleMappingFactory - Using org.eclipse.m2e.jdt.JarLifecycleMapping lifecycle mapping for MavenProject: com.example:SpringCrud:0.0.1-SNAPSHOT @ E:\SpringBootPractice\SpringCrud\pom.xml.
2024-12-08 06:24:48,388 [Worker-0: Import Getting Started Content] INFO  o.e.m.j.i.AbstractJavaProjectConfigurator - Adding source folder /SpringCrud/src/main/java
2024-12-08 06:24:48,398 [Worker-0: Import Getting Started Content] INFO  o.e.m.j.i.AbstractJavaProjectConfigurator - Adding resource folder /SpringCrud/src/main/resources
2024-12-08 06:24:48,413 [Worker-0: Import Getting Started Content] INFO  o.e.m.j.i.AbstractJavaProjectConfigurator - Adding resource folder /SpringCrud/src/main/resources
2024-12-08 06:24:48,427 [Worker-0: Import Getting Started Content] INFO  o.e.m.j.i.AbstractJavaProjectConfigurator - Adding source folder /SpringCrud/src/test/java
2024-12-08 06:24:48,429 [Worker-0: Import Getting Started Content] INFO  o.e.m.j.i.AbstractJavaProjectConfigurator - Adding resource folder /SpringCrud/src/test/resources
2024-12-08 06:24:57,663 [Worker-0: Import Getting Started Content] INFO  o.e.m.c.i.p.ProjectConfigurationManager - Imported and configured 1 project(s) in 97 sec
2024-12-08 06:24:57,672 [Worker-0: Import Getting Started Content] INFO  o.e.m.c.i.p.ProjectConfigurationManager - Update started
2024-12-08 06:24:59,708 [Worker-0: Import Getting Started Content] INFO  o.e.m.c.i.l.LifecycleMappingFactory - Using org.eclipse.m2e.jdt.JarLifecycleMapping lifecycle mapping for MavenProject: com.example:SpringCrud:0.0.1-SNAPSHOT @ E:\SpringBootPractice\SpringCrud\pom.xml.
2024-12-08 06:25:01,279 [Worker-0: Import Getting Started Content] INFO  o.e.m.j.i.AbstractJavaProjectConfigurator - Adding source folder /SpringCrud/src/main/java
2024-12-08 06:25:01,281 [Worker-0: Import Getting Started Content] INFO  o.e.m.j.i.AbstractJavaProjectConfigurator - Adding resource folder /SpringCrud/src/main/resources
2024-12-08 06:25:01,281 [Worker-0: Import Getting Started Content] INFO  o.e.m.j.i.AbstractJavaProjectConfigurator - Adding resource folder /SpringCrud/src/main/resources
2024-12-08 06:25:01,282 [Worker-0: Import Getting Started Content] INFO  o.e.m.j.i.AbstractJavaProjectConfigurator - Adding source folder /SpringCrud/src/test/java
2024-12-08 06:25:01,283 [Worker-0: Import Getting Started Content] INFO  o.e.m.j.i.AbstractJavaProjectConfigurator - Adding resource folder /SpringCrud/src/test/resources
2024-12-08 06:25:04,179 [Worker-0: Import Getting Started Content] INFO  o.e.m.c.i.p.ProjectConfigurationManager - Update completed for 1 poms: local refresh takes 0.00 sec, refresh facades takes 3.00 sec, update config takes 0.00 sec 
2024-12-08 06:25:04,604 [Worker-3: Updating Maven Project] INFO  o.e.m.c.i.p.ProjectConfigurationManager - Update started
2024-12-08 06:25:05,262 [Worker-3: Updating Maven Project] INFO  o.e.m.c.i.l.LifecycleMappingFactory - Using org.eclipse.m2e.jdt.JarLifecycleMapping lifecycle mapping for MavenProject: com.example:SpringCrud:0.0.1-SNAPSHOT @ E:\SpringBootPractice\SpringCrud\pom.xml.
2024-12-08 06:25:08,395 [Worker-3: Updating Maven Project] INFO  o.e.m.j.i.AbstractJavaProjectConfigurator - Adding source folder /SpringCrud/src/main/java
2024-12-08 06:25:08,396 [Worker-3: Updating Maven Project] INFO  o.e.m.j.i.AbstractJavaProjectConfigurator - Adding resource folder /SpringCrud/src/main/resources
2024-12-08 06:25:08,397 [Worker-3: Updating Maven Project] INFO  o.e.m.j.i.AbstractJavaProjectConfigurator - Adding resource folder /SpringCrud/src/main/resources
2024-12-08 06:25:08,398 [Worker-3: Updating Maven Project] INFO  o.e.m.j.i.AbstractJavaProjectConfigurator - Adding source folder /SpringCrud/src/test/java
2024-12-08 06:25:08,399 [Worker-3: Updating Maven Project] INFO  o.e.m.j.i.AbstractJavaProjectConfigurator - Adding resource folder /SpringCrud/src/test/resources
2024-12-08 06:25:08,865 [Worker-3: Updating Maven Project] INFO  o.e.m.c.i.p.ProjectConfigurationManager - Update completed for 1 poms: local refresh takes 0.00 sec, refresh facades takes 3.00 sec, update config takes 0.00 sec 
2024-12-08 06:25:12,665 [Worker-3: Building] INFO  o.a.m.s.f.DefaultMavenResourcesFiltering - Copying 1 resource from src\main\resources to target\classes
2024-12-08 06:25:12,836 [Worker-3: Building] INFO  o.a.m.s.f.DefaultMavenResourcesFiltering - Copying 0 resource from src\main\resources to target\classes
2024-12-08 06:25:12,841 [Worker-3: Building] INFO  o.a.m.s.f.DefaultMavenResourcesFiltering - skip non existing resourceDirectory E:\SpringBootPractice\SpringCrud\src\test\resources
2024-12-08 06:35:34,539 [Worker-2: Building] INFO  o.a.m.s.f.DefaultMavenResourcesFiltering - Copying 1 resource from src\main\resources to target\classes
2024-12-08 06:35:34,632 [Worker-2: Building] INFO  o.a.m.s.f.DefaultMavenResourcesFiltering - Copying 0 resource from src\main\resources to target\classes
2024-12-08 06:35:34,659 [Worker-2: Building] INFO  o.a.m.s.f.DefaultMavenResourcesFiltering - skip non existing resourceDirectory E:\SpringBootPractice\SpringCrud\src\test\resources
2024-12-08 06:36:46,412 [Worker-9: Building] INFO  o.a.m.s.f.DefaultMavenResourcesFiltering - Copying 1 resource from src\main\resources to target\classes
2024-12-08 06:36:46,425 [Worker-9: Building] INFO  o.a.m.s.f.DefaultMavenResourcesFiltering - Copying 0 resource from src\main\resources to target\classes
2024-12-08 06:36:46,431 [Worker-9: Building] INFO  o.a.m.s.f.DefaultMavenResourcesFiltering - skip non existing resourceDirectory E:\SpringBootPractice\SpringCrud\src\test\resources
2024-12-08 06:37:12,073 [Worker-3: Building] INFO  o.a.m.s.f.DefaultMavenResourcesFiltering - Copying 1 resource from src\main\resources to target\classes
2024-12-08 06:37:12,085 [Worker-3: Building] INFO  o.a.m.s.f.DefaultMavenResourcesFiltering - Copying 0 resource from src\main\resources to target\classes
2024-12-08 06:37:12,096 [Worker-3: Building] INFO  o.a.m.s.f.DefaultMavenResourcesFiltering - skip non existing resourceDirectory E:\SpringBootPractice\SpringCrud\src\test\resources
2024-12-08 06:38:59,327 [Start Help Server] INFO  org.eclipse.jetty.server.Server - jetty-12.0.12; built: 2024-07-25T21:58:37.668Z; git: cc6f1b74db755fed228b50701ad967aeaa68e83f; jvm 21.0.4+7-LTS
2024-12-08 06:38:59,674 [Start Help Server] INFO  o.e.j.server.handler.ContextHandler - Started oeje8n.ContextHandler$CoreContextHandler@1c7dab66{/help,/help,b=null,a=AVAILABLE,h=oeje8n.ContextHandler$CoreContextHandler$CoreToNestedHandler@16864879{STARTED}}
2024-12-08 06:38:59,699 [Start Help Server] INFO  o.e.j.s.DefaultSessionIdManager - Session workerName=node0
2024-12-08 06:38:59,807 [Start Help Server] INFO  o.e.jetty.server.AbstractConnector - Started ServerConnector@356599e2{HTTP/1.1, (http/1.1)}{127.0.0.1:1238}
2024-12-08 06:38:59,869 [Start Help Server] INFO  org.eclipse.jetty.server.Server - Started oejs.Server@1a89bf5d{STARTING}[12.0.12,sto=0] @1301362ms
2024-12-08 06:38:59,870 [Start Help Server] INFO  org.eclipse.jetty.server.Server - Stopped oejs.Server@1a89bf5d{STOPPING}[12.0.12,sto=0]
2024-12-08 06:38:59,874 [Start Help Server] INFO  o.e.jetty.server.AbstractConnector - Stopped ServerConnector@356599e2{HTTP/1.1, (http/1.1)}{127.0.0.1:0}
2024-12-08 06:38:59,977 [Start Help Server] INFO  org.eclipse.jetty.server.Server - jetty-12.0.12; built: 2024-07-25T21:58:37.668Z; git: cc6f1b74db755fed228b50701ad967aeaa68e83f; jvm 21.0.4+7-LTS
2024-12-08 06:38:59,987 [Start Help Server] INFO  o.e.j.server.handler.ContextHandler - Started oeje8n.ContextHandler$CoreContextHandler@559db1d1{/help,/help,b=null,a=AVAILABLE,h=oeje8n.ContextHandler$CoreContextHandler$CoreToNestedHandler@74d2ece4{STARTED}}
2024-12-08 06:38:59,987 [Start Help Server] INFO  o.e.j.s.DefaultSessionIdManager - Session workerName=node0
2024-12-08 06:38:59,992 [Start Help Server] INFO  o.e.jetty.server.AbstractConnector - Started ServerConnector@47a214cc{HTTP/1.1, (http/1.1)}{127.0.0.1:1239}
2024-12-08 06:38:59,993 [Start Help Server] INFO  org.eclipse.jetty.server.Server - Started oejs.Server@7e7d1a91{STARTING}[12.0.12,sto=0] @1301486ms
2024-12-08 06:44:23,488 [Worker-7: Building] INFO  o.a.m.s.f.DefaultMavenResourcesFiltering - Copying 1 resource from src\main\resources to target\classes
2024-12-08 06:44:23,500 [Worker-7: Building] INFO  o.a.m.s.f.DefaultMavenResourcesFiltering - Copying 0 resource from src\main\resources to target\classes
2024-12-08 06:44:23,506 [Worker-7: Building] INFO  o.a.m.s.f.DefaultMavenResourcesFiltering - skip non existing resourceDirectory E:\SpringBootPractice\SpringCrud\src\test\resources
2024-12-08 06:44:51,779 [Worker-4: Building] INFO  o.a.m.s.f.DefaultMavenResourcesFiltering - Copying 1 resource from src\main\resources to target\classes
2024-12-08 06:44:51,790 [Worker-4: Building] INFO  o.a.m.s.f.DefaultMavenResourcesFiltering - Copying 0 resource from src\main\resources to target\classes
2024-12-08 06:44:51,796 [Worker-4: Building] INFO  o.a.m.s.f.DefaultMavenResourcesFiltering - skip non existing resourceDirectory E:\SpringBootPractice\SpringCrud\src\test\resources
2024-12-08 06:45:36,139 [Worker-7: Building] INFO  o.a.m.s.f.DefaultMavenResourcesFiltering - Copying 1 resource from src\main\resources to target\classes
2024-12-08 06:45:36,149 [Worker-7: Building] INFO  o.a.m.s.f.DefaultMavenResourcesFiltering - Copying 0 resource from src\main\resources to target\classes
2024-12-08 06:45:36,156 [Worker-7: Building] INFO  o.a.m.s.f.DefaultMavenResourcesFiltering - skip non existing resourceDirectory E:\SpringBootPractice\SpringCrud\src\test\resources
2024-12-08 06:45:38,573 [Worker-10: Building] INFO  o.a.m.s.f.DefaultMavenResourcesFiltering - Copying 1 resource from src\main\resources to target\classes
2024-12-08 06:45:38,581 [Worker-10: Building] INFO  o.a.m.s.f.DefaultMavenResourcesFiltering - Copying 0 resource from src\main\resources to target\classes
2024-12-08 06:45:38,587 [Worker-10: Building] INFO  o.a.m.s.f.DefaultMavenResourcesFiltering - skip non existing resourceDirectory E:\SpringBootPractice\SpringCrud\src\test\resources
2024-12-08 08:38:19,258 [Worker-1: Loading available Gradle versions] INFO  o.e.b.c.i.u.g.PublishedGradleVersions - Gradle version information cache is up-to-date. Trying to read.
2024-12-08 08:39:29,273 [Start Help Server] INFO  org.eclipse.jetty.server.Server - jetty-12.0.12; built: 2024-07-25T21:58:37.668Z; git: cc6f1b74db755fed228b50701ad967aeaa68e83f; jvm 21.0.4+7-LTS
2024-12-08 08:39:29,503 [Start Help Server] INFO  o.e.j.server.handler.ContextHandler - Started oeje8n.ContextHandler$CoreContextHandler@2a633d65{/help,/help,b=null,a=AVAILABLE,h=oeje8n.ContextHandler$CoreContextHandler$CoreToNestedHandler@4c48a319{STARTED}}
2024-12-08 08:39:29,504 [Start Help Server] INFO  o.e.j.s.DefaultSessionIdManager - Session workerName=node0
2024-12-08 08:39:29,646 [Start Help Server] INFO  o.e.jetty.server.AbstractConnector - Started ServerConnector@337dffde{HTTP/1.1, (http/1.1)}{127.0.0.1:1123}
2024-12-08 08:39:29,679 [Start Help Server] INFO  org.eclipse.jetty.server.Server - Started oejs.Server@239ada33{STARTING}[12.0.12,sto=0] @304975ms
2024-12-08 08:40:39,721 [Worker-5: Building] INFO  o.a.m.s.f.DefaultMavenResourcesFiltering - Copying 1 resource from src\main\resources to target\classes
2024-12-08 08:40:39,895 [Worker-5: Building] INFO  o.a.m.s.f.DefaultMavenResourcesFiltering - Copying 0 resource from src\main\resources to target\classes
2024-12-08 08:40:39,907 [Worker-5: Building] INFO  o.a.m.s.f.DefaultMavenResourcesFiltering - skip non existing resourceDirectory E:\SpringBootPractice\SpringCrud\src\test\resources
2024-12-08 08:43:31,525 [Worker-11: Building] INFO  o.a.m.s.f.DefaultMavenResourcesFiltering - Copying 1 resource from src\main\resources to target\classes
2024-12-08 08:43:31,543 [Worker-11: Building] INFO  o.a.m.s.f.DefaultMavenResourcesFiltering - Copying 0 resource from src\main\resources to target\classes
2024-12-08 08:43:31,550 [Worker-11: Building] INFO  o.a.m.s.f.DefaultMavenResourcesFiltering - skip non existing resourceDirectory E:\SpringBootPractice\SpringCrud\src\test\resources
2024-12-08 08:59:40,715 [Worker-13: Building] INFO  o.a.m.s.f.DefaultMavenResourcesFiltering - Copying 1 resource from src\main\resources to target\classes
2024-12-08 08:59:40,738 [Worker-13: Building] INFO  o.a.m.s.f.DefaultMavenResourcesFiltering - Copying 0 resource from src\main\resources to target\classes
2024-12-08 08:59:40,747 [Worker-13: Building] INFO  o.a.m.s.f.DefaultMavenResourcesFiltering - skip non existing resourceDirectory E:\SpringBootPractice\SpringCrud\src\test\resources
2024-12-08 09:06:17,040 [Worker-15: Building] INFO  o.a.m.s.f.DefaultMavenResourcesFiltering - Copying 1 resource from src\main\resources to target\classes
2024-12-08 09:06:17,049 [Worker-15: Building] INFO  o.a.m.s.f.DefaultMavenResourcesFiltering - Copying 0 resource from src\main\resources to target\classes
2024-12-08 09:06:17,056 [Worker-15: Building] INFO  o.a.m.s.f.DefaultMavenResourcesFiltering - skip non existing resourceDirectory E:\SpringBootPractice\SpringCrud\src\test\resources
2024-12-08 09:07:34,952 [Worker-13: Building] INFO  o.a.m.s.f.DefaultMavenResourcesFiltering - Copying 1 resource from src\main\resources to target\classes
2024-12-08 09:07:34,964 [Worker-13: Building] INFO  o.a.m.s.f.DefaultMavenResourcesFiltering - Copying 0 resource from src\main\resources to target\classes
2024-12-08 09:07:34,970 [Worker-13: Building] INFO  o.a.m.s.f.DefaultMavenResourcesFiltering - skip non existing resourceDirectory E:\SpringBootPractice\SpringCrud\src\test\resources
2024-12-08 09:07:46,567 [Worker-17: Building] INFO  o.a.m.s.f.DefaultMavenResourcesFiltering - Copying 1 resource from src\main\resources to target\classes
2024-12-08 09:07:46,572 [Worker-17: Building] INFO  o.a.m.s.f.DefaultMavenResourcesFiltering - Copying 0 resource from src\main\resources to target\classes
2024-12-08 09:07:46,577 [Worker-17: Building] INFO  o.a.m.s.f.DefaultMavenResourcesFiltering - skip non existing resourceDirectory E:\SpringBootPractice\SpringCrud\src\test\resources
2024-12-08 09:12:59,741 [Worker-15: Building] INFO  o.a.m.s.f.DefaultMavenResourcesFiltering - Copying 1 resource from src\main\resources to target\classes
2024-12-08 09:12:59,751 [Worker-15: Building] INFO  o.a.m.s.f.DefaultMavenResourcesFiltering - Copying 0 resource from src\main\resources to target\classes
2024-12-08 09:12:59,756 [Worker-15: Building] INFO  o.a.m.s.f.DefaultMavenResourcesFiltering - skip non existing resourceDirectory E:\SpringBootPractice\SpringCrud\src\test\resources
2024-12-08 09:17:15,108 [Worker-15: Launching SpringCrud - SpringCrudApplication] INFO  o.a.m.s.f.DefaultMavenResourcesFiltering - Copying 1 resource from src\main\resources to target\classes
2024-12-08 09:17:15,173 [Worker-15: Launching SpringCrud - SpringCrudApplication] INFO  o.a.m.s.f.DefaultMavenResourcesFiltering - Copying 0 resource from src\main\resources to target\classes
2024-12-08 09:17:15,177 [Worker-15: Launching SpringCrud - SpringCrudApplication] INFO  o.a.m.s.f.DefaultMavenResourcesFiltering - skip non existing resourceDirectory E:\SpringBootPractice\SpringCrud\src\test\resources
2024-12-08 09:19:01,216 [Worker-24: Launching SpringCrud - SpringCrudApplication] INFO  o.a.m.s.f.DefaultMavenResourcesFiltering - Copying 1 resource from src\main\resources to target\classes
2024-12-08 09:19:01,225 [Worker-24: Launching SpringCrud - SpringCrudApplication] INFO  o.a.m.s.f.DefaultMavenResourcesFiltering - Copying 0 resource from src\main\resources to target\classes
2024-12-08 09:19:01,233 [Worker-24: Launching SpringCrud - SpringCrudApplication] INFO  o.a.m.s.f.DefaultMavenResourcesFiltering - skip non existing resourceDirectory E:\SpringBootPractice\SpringCrud\src\test\resources
2024-12-08 09:19:23,515 [Worker-15: Launching SpringCrud - SpringCrudApplication] INFO  o.a.m.s.f.DefaultMavenResourcesFiltering - Copying 1 resource from src\main\resources to target\classes
2024-12-08 09:19:23,576 [Worker-15: Launching SpringCrud - SpringCrudApplication] INFO  o.a.m.s.f.DefaultMavenResourcesFiltering - Copying 0 resource from src\main\resources to target\classes
2024-12-08 09:19:23,583 [Worker-15: Launching SpringCrud - SpringCrudApplication] INFO  o.a.m.s.f.DefaultMavenResourcesFiltering - skip non existing resourceDirectory E:\SpringBootPractice\SpringCrud\src\test\resources
2024-12-08 09:22:44,213 [Worker-25: Updating Maven Project] INFO  o.e.m.c.i.p.ProjectConfigurationManager - Update started
2024-12-08 09:22:47,120 [Worker-25: Updating Maven Project] INFO  o.e.m.c.i.l.LifecycleMappingFactory - Using org.eclipse.m2e.jdt.JarLifecycleMapping lifecycle mapping for MavenProject: com.example:SpringCrud:0.0.1-SNAPSHOT @ E:\SpringBootPractice\SpringCrud\pom.xml.
2024-12-08 09:22:52,605 [Worker-25: Updating Maven Project] INFO  o.e.m.j.i.AbstractJavaProjectConfigurator - Adding source folder /SpringCrud/src/main/java
2024-12-08 09:22:52,609 [Worker-25: Updating Maven Project] INFO  o.e.m.j.i.AbstractJavaProjectConfigurator - Adding resource folder /SpringCrud/src/main/resources
2024-12-08 09:22:52,610 [Worker-25: Updating Maven Project] INFO  o.e.m.j.i.AbstractJavaProjectConfigurator - Adding resource folder /SpringCrud/src/main/resources
2024-12-08 09:22:52,611 [Worker-25: Updating Maven Project] INFO  o.e.m.j.i.AbstractJavaProjectConfigurator - Adding source folder /SpringCrud/src/test/java
2024-12-08 09:22:52,613 [Worker-25: Updating Maven Project] INFO  o.e.m.j.i.AbstractJavaProjectConfigurator - Adding resource folder /SpringCrud/src/test/resources
2024-12-08 09:22:53,946 [Worker-25: Updating Maven Project] INFO  o.e.m.c.i.p.ProjectConfigurationManager - Update completed for 1 poms: local refresh takes 0.00 sec, refresh facades takes 6.00 sec, update config takes 3.00 sec 
2024-12-08 09:22:54,728 [Worker-24: Building] INFO  o.a.m.s.f.DefaultMavenResourcesFiltering - Copying 1 resource from src\main\resources to target\classes
2024-12-08 09:22:54,777 [Worker-24: Building] INFO  o.a.m.s.f.DefaultMavenResourcesFiltering - Copying 0 resource from src\main\resources to target\classes
2024-12-08 09:22:54,796 [Worker-24: Building] INFO  o.a.m.s.f.DefaultMavenResourcesFiltering - skip non existing resourceDirectory E:\SpringBootPractice\SpringCrud\src\test\resources
2024-12-08 09:24:04,236 [Worker-22: Building] INFO  o.a.m.s.f.DefaultMavenResourcesFiltering - Copying 1 resource from src\main\resources to target\classes
2024-12-08 09:24:04,295 [Worker-22: Building] INFO  o.a.m.s.f.DefaultMavenResourcesFiltering - Copying 0 resource from src\main\resources to target\classes
2024-12-08 09:24:04,301 [Worker-22: Building] INFO  o.a.m.s.f.DefaultMavenResourcesFiltering - skip non existing resourceDirectory E:\SpringBootPractice\SpringCrud\src\test\resources
2024-12-08 09:25:18,254 [Stop Help Server] INFO  org.eclipse.jetty.server.Server - Stopped oejs.Server@239ada33{STOPPING}[12.0.12,sto=0]
2024-12-08 09:25:18,432 [Stop Help Server] INFO  o.e.jetty.server.AbstractConnector - Stopped ServerConnector@337dffde{HTTP/1.1, (http/1.1)}{127.0.0.1:0}
